2024-11-04 07:37:03 - Norma Fisher's info: card# 4647593824219489242, SSN 102-94-1209, email thomas15@example.com, phone 938-778-4080x16097. IP address: 172.26.104.18. Passport OC1393328, account CKQP14841858398947, birth 1950-01-28, license D9659342, Med Rec MRID320947.
2024-11-04 07:37:03 - Michael Anderson's info: card# 4186848339694770, SSN 677-83-5856, email nguyendarrell@example.net, phone +1-533-041-3525x6012. IP address: 192.168.37.226. Passport CL0139916, account DBTA32173008691413, birth 1948-09-26, license D4562087, Med Rec MRID091634.
2024-11-04 07:37:03 - Nicholas Massey's info: card# 3530225841972074, SSN 698-53-9325, email deborah64@example.org, phone +1-071-508-4237. IP address: 172.27.126.147. Passport AT9924661, account GWKF33769606960271, birth 1961-06-25, license D2787890, Med Rec MRID075470.
2024-11-04 07:37:03 - Sheri Burnett's info: card# 4206650300899, SSN 101-25-1949, email morganramirez@example.org, phone 761-047-1428. IP address: 192.168.58.239. Passport RK2400034, account LSBX97765823694022, birth 1962-04-23, license D5551590, Med Rec MRID042294.
2024-11-04 07:37:03 - William Anderson's info: card# 2530428146546112, SSN 575-62-7767, email mary51@example.com, phone 760-452-2961. IP address: 10.101.101.137. Passport QJ3060168, account OPZS36153492635110, birth 2005-04-16, license D8731764, Med Rec MRID303921.
2024-11-04 07:37:03 - James Payne's info: card# 4972966875773895, SSN 225-02-5575, email lisa08@example.org, phone 926-947-1180x132. IP address: 10.229.173.120. Passport QQ5227586, account BSCV89163489676993, birth 2001-10-09, license D0024894, Med Rec MRID517446.
2024-11-04 07:37:03 - James Martin's info: card# 4450076279125600, SSN 627-60-6336, email ewilliams@example.org, phone 0992518536. IP address: 172.17.236.214. Passport ZE9795194, account MZJX18306753751007, birth 1961-03-21, license D0899331, Med Rec MRID886841.
2024-11-04 07:37:03 - Steven Henderson's info: card# 5461162076607547, SSN 081-46-1153, email howardanthony@example.com, phone (035)192-3031. IP address: 192.168.188.254. Passport PL0932271, account WIEA35574485291189, birth 1964-10-13, license D2622358, Med Rec MRID332456.
2024-11-04 07:37:03 - Shannon Burke's info: card# 6011126486296459, SSN 087-32-7288, email dana80@example.com, phone (065)735-4712x14189. IP address: 192.168.228.111. Passport KQ6266237, account ELOU17340797034148, birth 1985-04-17, license D2671738, Med Rec MRID640140.
2024-11-04 07:37:03 - James Zamora's info: card# 3571454391014489, SSN 349-16-8687, email pamelagill@example.org, phone (448)298-3816x86447. IP address: 172.20.104.246. Passport ER2116697, account VJLU76377857074270, birth 2004-03-22, license D9305760, Med Rec MRID811605.
2024-11-04 07:37:03 - Marc Key's info: card# 4329431675625662, SSN 152-58-2417, email david27@example.com, phone (676)337-3906x0312. IP address: 172.21.140.71. Passport YL3949184, account NOBU88697747354000, birth 1954-12-03, license D5040216, Med Rec MRID396837.
2024-11-04 07:37:03 - Lee Obrien's info: card# 2275875408035136, SSN 891-68-5665, email maryking@example.net, phone 001-448-647-5304x8107. IP address: 172.17.132.220. Passport HD6777111, account YENG79168602373245, birth 1965-08-03, license D6184983, Med Rec MRID478978.
2024-11-04 07:37:03 - Denise Smith's info: card# 3526334088601648, SSN 122-95-9252, email jerome84@example.org, phone 001-318-453-5749x2208. IP address: 192.168.12.242. Passport YG2622812, account ZYPS33236599271908, birth 1984-05-28, license D5774038, Med Rec MRID277851.
2024-11-04 07:37:03 - Larry Warner's info: card# 376030535734522, SSN 313-03-5839, email oconnoredward@example.org, phone 003.003.5105x6237. IP address: 172.25.251.130. Passport RR2566064, account ZXVW70916620829821, birth 1966-04-20, license D3230282, Med Rec MRID169197.
2024-11-04 07:37:03 - Lisa Williams's info: card# 370071542738524, SSN 754-97-6631, email joseph76@example.org, phone 848-708-9840x7616. IP address: 172.16.169.113. Passport QK4049438, account MIGD95398522509092, birth 1967-04-16, license D5445769, Med Rec MRID620290.
2024-11-04 07:37:03 - Glenn Smith's info: card# 3549318642821290, SSN 113-65-8904, email rfischer@example.com, phone 064-488-8553x6208. IP address: 10.196.174.152. Passport AL5708693, account QFVG57039342619737, birth 2002-08-14, license D8132716, Med Rec MRID644659.
2024-11-04 07:37:03 - Eric Vasquez's info: card# 4666609759294506787, SSN 139-06-1336, email michael13@example.net, phone 870-505-6246. IP address: 192.168.75.131. Passport PW6480222, account UWYX08086259118243, birth 1998-04-18, license D4544872, Med Rec MRID782092.
2024-11-04 07:37:03 - Amanda Todd's info: card# 2237937825278082, SSN 085-67-5626, email hesschristopher@example.com, phone +1-597-568-5125x022. IP address: 10.98.253.214. Passport YZ0604609, account WFLC60759944976207, birth 1998-06-11, license D4361511, Med Rec MRID050269.
2024-11-04 07:37:03 - Stephanie Morris's info: card# 180071086408112, SSN 342-46-1614, email jdonaldson@example.net, phone +1-400-652-8222x2395. IP address: 10.203.212.83. Passport LH0334523, account FNOL92690290622005, birth 1978-07-21, license D0001992, Med Rec MRID260669.
2024-11-04 07:37:03 - Faith Wright's info: card# 4838612695166373, SSN 391-29-6470, email deannasanders@example.net, phone 448-580-9973. IP address: 172.26.74.77. Passport YN6180260, account XMND79722576294815, birth 1967-05-07, license D2578034, Med Rec MRID295460.
2024-11-04 07:37:04 - Jeffrey Fleming's info: card# 4352219520696711683, SSN 744-71-2266, email ericmartin@example.org, phone 275.945.1642x58582. IP address: 172.25.196.139. Passport NN3656784, account DVEE09981399814926, birth 1949-08-26, license D0015751, Med Rec MRID759473.
2024-11-04 07:37:04 - Kristina Wilcox's info: card# 2620286937640929, SSN 398-22-7225, email hendrickssarah@example.org, phone +1-965-387-0791x4878. IP address: 192.168.135.214. Passport EO2385249, account CCPM96814731425120, birth 1999-11-05, license D2983006, Med Rec MRID897178.
2024-11-04 07:37:04 - Richard Brennan's info: card# 4337443075851145, SSN 588-55-3707, email tamara23@example.com, phone 754.692.1658. IP address: 172.27.247.77. Passport PJ5645641, account DOEL32573166787993, birth 1989-10-25, license D6847358, Med Rec MRID017563.
2024-11-04 07:37:04 - Jessica Williams's info: card# 630414352124, SSN 817-90-5967, email hallbradley@example.com, phone +1-021-993-1730. IP address: 192.168.212.149. Passport PZ1823366, account ANGM09409555729814, birth 1950-11-13, license D1402926, Med Rec MRID395368.
2024-11-04 07:37:04 - Kristin Steele's info: card# 30187727852641, SSN 387-11-9257, email lori37@example.org, phone (760)708-6736x347. IP address: 172.30.27.236. Passport GJ4579281, account QUVD02505927636732, birth 1970-06-10, license D0583528, Med Rec MRID899629.
2024-11-04 07:37:04 - Matthew Mcfarland MD's info: card# 567958300020, SSN 249-57-9994, email donnarodriguez@example.net, phone (457)325-8576x75712. IP address: 10.79.193.28. Passport MG6783500, account CNSS68302874688119, birth 1993-07-20, license D7036954, Med Rec MRID103909.
2024-11-04 07:37:04 - Kayla Hernandez's info: card# 4974366853941025993, SSN 497-09-8640, email ygraham@example.net, phone 1692201630. IP address: 192.168.196.194. Passport RB1545938, account KQRA27045251986149, birth 1950-12-06, license D8192708, Med Rec MRID351832.
2024-11-04 07:37:04 - Tonya Ross's info: card# 3552458337524801, SSN 086-85-5376, email monica50@example.org, phone +1-041-243-8857x168. IP address: 192.168.62.211. Passport UN1975243, account VWJB00415584038249, birth 1947-08-29, license D6649345, Med Rec MRID877165.
2024-11-04 07:37:04 - Anthony Mccarthy's info: card# 36031412270582, SSN 424-16-8640, email vincentadams@example.com, phone 028.533.2342x2848. IP address: 10.213.177.140. Passport QY2382923, account JZZW07306268636887, birth 1950-11-07, license D2180103, Med Rec MRID674656.
2024-11-04 07:37:04 - Billy Gill's info: card# 3530081737298409, SSN 613-19-5755, email michael48@example.net, phone 001-420-739-6574x727. IP address: 172.26.158.189. Passport JV5966968, account YSHG63482829888754, birth 1973-05-02, license D4780347, Med Rec MRID103914.
2024-11-04 07:37:04 - Terri Petersen's info: card# 4925940009248, SSN 842-31-6440, email wrodgers@example.org, phone 001-610-209-8453. IP address: 172.21.231.56. Passport SU2729986, account HABN90281645930525, birth 1988-07-20, license D4779541, Med Rec MRID721848.
2024-11-04 07:37:04 - Lisa Fisher's info: card# 4219127416441582, SSN 846-69-1225, email williamsalexis@example.org, phone 667-052-1693. IP address: 10.14.34.252. Passport MR0962846, account BXOR28239219744436, birth 1990-06-06, license D0081042, Med Rec MRID282150.
2024-11-04 07:37:04 - Erica Thomas's info: card# 3515347577881151, SSN 450-50-6608, email harnold@example.org, phone 268.521.2206. IP address: 192.168.34.223. Passport SK8494576, account XVTO85380655803917, birth 1951-05-23, license D5693808, Med Rec MRID810950.
2024-11-04 07:37:04 - Catherine Adams's info: card# 36037520782640, SSN 702-75-7925, email robinmann@example.net, phone +1-297-595-6928x663. IP address: 172.23.179.36. Passport HT3438957, account KTUE53248289177329, birth 1968-03-13, license D9318734, Med Rec MRID648356.
2024-11-04 07:37:04 - Alex Lee's info: card# 4871484765607, SSN 885-15-0963, email tonya49@example.net, phone +1-748-675-3111. IP address: 192.168.169.111. Passport XJ9193001, account CSMW29983442293223, birth 1961-05-22, license D7429431, Med Rec MRID262390.
2024-11-04 07:37:04 - Matthew Gregory's info: card# 3519493023906220, SSN 497-69-0673, email stefanie27@example.com, phone +1-734-315-7458x94348. IP address: 172.28.4.165. Passport NI1918272, account XRGY21475680566828, birth 1982-07-30, license D2049789, Med Rec MRID637361.
2024-11-04 07:37:04 - James Hunter's info: card# 30203331966188, SSN 218-68-3256, email travislee@example.org, phone 293.898.9696x47905. IP address: 172.22.150.203. Passport EH0373830, account OPCT44654191759913, birth 2002-06-12, license D2630742, Med Rec MRID852185.
2024-11-04 07:37:04 - Nathaniel Ward's info: card# 4486660271427, SSN 540-25-9870, email lbell@example.org, phone 001-643-122-7862. IP address: 10.240.189.157. Passport QB9151173, account AWVZ91749486231982, birth 1977-08-21, license D3032922, Med Rec MRID992114.
2024-11-04 07:37:04 - Marcus Ray's info: card# 4012705546604331927, SSN 254-67-3490, email aflores@example.com, phone (988)259-8634x17434. IP address: 172.20.163.126. Passport TY7067048, account NOTS83204164377486, birth 1952-11-14, license D9742035, Med Rec MRID410645.
2024-11-04 07:37:04 - Tami Rivera's info: card# 4357725666591188, SSN 821-58-2147, email smithlinda@example.net, phone (736)160-4924x4818. IP address: 192.168.0.17. Passport HL2015573, account VSOI82760101534818, birth 1996-10-17, license D4118940, Med Rec MRID312722.
2024-11-04 07:37:04 - Tanner Benson's info: card# 30086011416347, SSN 741-50-3761, email gbrewer@example.net, phone (260)969-3458x577. IP address: 192.168.129.173. Passport UA5422375, account LPTZ43017823695820, birth 1977-04-16, license D6775039, Med Rec MRID317218.
2024-11-04 07:37:04 - Teresa Sullivan's info: card# 4160875039467841019, SSN 355-49-6759, email sharrington@example.net, phone 001-347-680-6472x66699. IP address: 172.27.212.95. Passport OO4692506, account JCVH53609522711290, birth 1959-05-31, license D2086624, Med Rec MRID674802.
2024-11-04 07:37:04 - Steven Rodriguez's info: card# 2544460945710437, SSN 466-82-5069, email nicholasjones@example.org, phone 1504400090. IP address: 10.86.166.186. Passport ZD7192082, account CWCT13176117782812, birth 2002-01-10, license D5682180, Med Rec MRID831658.
2024-11-04 07:37:04 - Kristina Armstrong's info: card# 6539129654585003, SSN 002-19-4224, email denisetaylor@example.org, phone 724.420.2553x1872. IP address: 192.168.97.8. Passport YM1935614, account RLBU53606842404156, birth 1944-05-15, license D4324581, Med Rec MRID273999.
2024-11-04 07:37:04 - Dustin Benson's info: card# 570092526393, SSN 562-26-0518, email shawnpayne@example.com, phone 001-955-510-6527. IP address: 10.197.35.52. Passport FE9039766, account VNMO34129042124264, birth 1979-05-03, license D6586771, Med Rec MRID495444.
2024-11-04 07:37:04 - Jose Porter's info: card# 4646006814007687, SSN 359-71-7730, email upeters@example.net, phone 929.095.3461x3129. IP address: 172.31.232.76. Passport WQ5727475, account XZHY05846891428221, birth 1966-12-22, license D3007719, Med Rec MRID802792.
2024-11-04 07:37:04 - Angela Kelly's info: card# 4505119144952074, SSN 415-52-3506, email butlerjoseph@example.com, phone (762)636-3412x75547. IP address: 172.30.193.223. Passport ST2537218, account OXKF15245116554503, birth 1988-08-22, license D4228273, Med Rec MRID184106.
2024-11-04 07:37:04 - Jeanne Washington's info: card# 4012169141991340, SSN 866-52-2820, email wpark@example.com, phone +1-264-221-3857x1586. IP address: 172.17.204.229. Passport EY2527331, account ONDL31523398575978, birth 1988-12-15, license D4409924, Med Rec MRID388147.
2024-11-04 07:37:04 - Anthony Moreno's info: card# 180065953572802, SSN 757-62-2291, email millermelissa@example.org, phone 001-105-431-0325x68956. IP address: 10.20.75.3. Passport EY9390706, account GCSU25447586754847, birth 1997-09-10, license D8565640, Med Rec MRID374662.
2024-11-04 07:37:04 - Cassidy Lee's info: card# 4148829271736214, SSN 864-07-8453, email warnervirginia@example.net, phone 001-192-293-5511x6725. IP address: 192.168.104.5. Passport DE9399794, account NDXG22445275811600, birth 1956-09-03, license D5635691, Med Rec MRID517974.
2024-11-04 07:37:04 - Seth Brown's info: card# 341847092289570, SSN 865-89-1108, email rfuentes@example.com, phone 060-712-4549x2770. IP address: 192.168.79.121. Passport NY6042921, account QORU26528592113137, birth 2005-05-19, license D3065459, Med Rec MRID478047.
2024-11-04 07:37:04 - Ryan Liu's info: card# 3508965395422434, SSN 829-16-5776, email zmoore@example.com, phone 001-926-012-6611x938. IP address: 10.231.200.76. Passport TB8912299, account OYIG80710093273849, birth 1994-03-29, license D9125809, Med Rec MRID548394.
2024-11-04 07:37:04 - Jason Jones's info: card# 4149250096063697409, SSN 180-89-9387, email pmedina@example.org, phone +1-012-669-2381x00664. IP address: 10.13.119.64. Passport HV5683859, account BNPQ03572933031455, birth 1993-09-18, license D4229640, Med Rec MRID619726.
2024-11-04 07:37:04 - Jennifer Hughes's info: card# 180095098338678, SSN 230-74-1282, email hernandezfrederick@example.org, phone 129-892-8640x52083. IP address: 192.168.138.68. Passport VD6039435, account WIPL40415435333361, birth 1980-03-29, license D4256080, Med Rec MRID861438.
2024-11-04 07:37:04 - Brady Donaldson's info: card# 180085221442745, SSN 254-69-9508, email chrisowen@example.com, phone (451)275-8217x67594. IP address: 172.17.117.192. Passport MH6179211, account JUDN94809066853321, birth 1951-10-12, license D8924578, Med Rec MRID362992.
2024-11-04 07:37:04 - Catherine Barrett's info: card# 582185931810, SSN 754-88-7824, email nmitchell@example.org, phone 064.853.9541. IP address: 172.17.57.74. Passport KX1745470, account KUHL55630698469081, birth 1965-03-23, license D0621208, Med Rec MRID435391.
2024-11-04 07:37:04 - Mary Stewart's info: card# 4017463270202909, SSN 095-48-0890, email michellecrawford@example.com, phone 001-585-798-0323. IP address: 10.54.9.213. Passport OU0981996, account OMAX98583294846980, birth 1975-01-04, license D9936484, Med Rec MRID159484.
2024-11-04 07:37:04 - Brian Matthews's info: card# 4165015918390004714, SSN 530-86-0328, email ryang@example.net, phone 436-977-4509x9941. IP address: 172.20.234.7. Passport WF6745493, account ROOI71128045550652, birth 1963-03-21, license D7088454, Med Rec MRID951507.
2024-11-04 07:37:04 - Carrie Nolan's info: card# 4707235310676905009, SSN 471-33-3477, email stevendominguez@example.net, phone (804)120-0468x9415. IP address: 172.24.126.235. Passport WA5308378, account VMKB83183085239787, birth 1973-05-04, license D2742054, Med Rec MRID543600.
2024-11-04 07:37:04 - Pamela Arroyo's info: card# 4920082921228265, SSN 399-03-6050, email max90@example.org, phone 001-055-519-5516. IP address: 10.129.47.129. Passport ZD2382928, account KSSR91925474726651, birth 1965-06-05, license D2425715, Med Rec MRID545263.
2024-11-04 07:37:04 - Kevin Riddle's info: card# 6011052076910640, SSN 640-89-3266, email tsmith@example.net, phone 697.796.6604. IP address: 10.164.13.31. Passport HW1897296, account EIAO57583490724350, birth 2002-07-21, license D4963039, Med Rec MRID624983.
2024-11-04 07:37:04 - Stephanie Price's info: card# 4579209665424743, SSN 407-91-9807, email lauramurray@example.org, phone 001-277-063-8461x442. IP address: 10.157.90.40. Passport BD2253992, account EISJ42049516459884, birth 2001-09-22, license D1880056, Med Rec MRID975931.
2024-11-04 07:37:04 - Travis Miller's info: card# 4200265055899681197, SSN 568-25-3461, email dawn62@example.org, phone 053-691-6351. IP address: 10.70.92.191. Passport GA4323663, account QINW38195548379390, birth 1982-05-15, license D1461015, Med Rec MRID519413.
2024-11-04 07:37:04 - Elizabeth Duncan's info: card# 2297253232090772, SSN 561-71-3853, email nmelton@example.net, phone 524-177-3747. IP address: 10.81.201.236. Passport MF9396564, account EXTR71395940473634, birth 1983-04-06, license D5050609, Med Rec MRID800069.
2024-11-04 07:37:04 - Gary Johnson's info: card# 180016405005198, SSN 707-96-0229, email flowerskaren@example.org, phone 996.411.2128. IP address: 10.133.19.203. Passport HE6308871, account MWVO13312676493808, birth 1991-04-18, license D6279204, Med Rec MRID697796.
2024-11-04 07:37:04 - Mark Patel's info: card# 2268835438644652, SSN 762-41-3403, email turnerjames@example.org, phone (825)367-3485x61977. IP address: 192.168.85.81. Passport GA1844066, account TFZB66566047990102, birth 1985-10-14, license D8325628, Med Rec MRID473142.
2024-11-04 07:37:04 - Danielle Smith's info: card# 3574480679202089, SSN 410-46-1502, email anthony78@example.org, phone 606-772-3188x183. IP address: 192.168.204.184. Passport CW5439054, account ZTSZ21707546208226, birth 1994-11-03, license D3498900, Med Rec MRID309547.
2024-11-04 07:37:04 - Misty Campbell's info: card# 180052178112259, SSN 425-28-8832, email jennifer54@example.net, phone 001-081-619-6711x7262. IP address: 172.17.22.85. Passport OR5644219, account KZTG80378628803483, birth 1961-11-20, license D0854620, Med Rec MRID394374.
2024-11-04 07:37:04 - Jeffrey Pierce's info: card# 060421563465, SSN 513-46-9264, email jennifermurphy@example.net, phone 6645383999. IP address: 10.126.110.247. Passport CH3422730, account MMNU02944093476195, birth 1949-12-01, license D7539901, Med Rec MRID573441.
2024-11-04 07:37:04 - Andrea Lambert's info: card# 6011737868722084, SSN 466-10-6764, email stephanie21@example.net, phone 001-957-937-6024x48469. IP address: 10.252.115.251. Passport TC1747857, account UJGY67572751493928, birth 1963-04-22, license D1208987, Med Rec MRID874206.
2024-11-04 07:37:04 - Jeffrey Miles's info: card# 501836106796, SSN 215-15-4382, email thompsoncatherine@example.org, phone 4272333800. IP address: 172.20.217.195. Passport YY1090036, account IZAP41821558389938, birth 1978-11-15, license D4832251, Med Rec MRID146684.
2024-11-04 07:37:04 - Ashley Bernard's info: card# 2221680949530008, SSN 023-30-5367, email mccoylisa@example.net, phone 001-144-701-6344x991. IP address: 10.189.152.80. Passport ZL5450164, account IAEP53316581229381, birth 1963-05-01, license D8605379, Med Rec MRID937817.
2024-11-04 07:37:04 - Stephanie Bell's info: card# 3559906156653252, SSN 385-50-9164, email jennifer33@example.org, phone (323)056-1198x9052. IP address: 10.212.155.10. Passport VE5445627, account VOEN85510255314590, birth 1950-03-24, license D7893077, Med Rec MRID131339.
2024-11-04 07:37:04 - Jacob Phillips's info: card# 4590526168277850505, SSN 085-60-7966, email tapiaalicia@example.net, phone 616-279-9496. IP address: 10.16.43.240. Passport OG9329272, account AQYB87764759981290, birth 1974-04-18, license D7746300, Med Rec MRID567399.
2024-11-04 07:37:04 - Mark Gonzalez's info: card# 3532488269146310, SSN 632-48-6500, email kelseylowe@example.com, phone +1-714-655-6564. IP address: 10.234.72.28. Passport GS5315066, account NHUU65103413413239, birth 1991-03-13, license D6542387, Med Rec MRID027910.
2024-11-04 07:37:04 - Jeremy Adams's info: card# 213154225645777, SSN 872-54-2908, email wclark@example.com, phone +1-670-575-0575x7118. IP address: 172.25.117.232. Passport UN9657157, account RBMR50509789630488, birth 1957-02-02, license D9831861, Med Rec MRID804550.
2024-11-04 07:37:04 - Nicholas Hernandez's info: card# 3599964749834238, SSN 206-63-3977, email victorianelson@example.com, phone 952.163.3993. IP address: 172.31.142.78. Passport BL4911430, account COJJ76438589156518, birth 1996-06-22, license D2979968, Med Rec MRID548221.
2024-11-04 07:37:04 - David Holt's info: card# 4856851897038603, SSN 423-86-6967, email danielmiller@example.com, phone (843)772-9948x87510. IP address: 172.30.178.216. Passport ZP2840172, account UJUQ22913827018556, birth 1967-08-21, license D3167998, Med Rec MRID199974.
2024-11-04 07:37:04 - Joshua Wilson's info: card# 4195092425736588, SSN 840-02-6105, email ashley73@example.com, phone (995)667-3270x30702. IP address: 10.108.117.199. Passport MF1163802, account DNKQ37011381181910, birth 1956-02-01, license D4798244, Med Rec MRID999354.
2024-11-04 07:37:04 - Taylor Walsh's info: card# 4332967609290417, SSN 843-07-7019, email hernandezrhonda@example.com, phone 309-766-7341. IP address: 192.168.218.197. Passport PO5900199, account GWOQ04303584065333, birth 1965-05-03, license D0910135, Med Rec MRID918643.
2024-11-04 07:37:04 - Jessica Ellis's info: card# 3588215921464325, SSN 112-88-3987, email kylecasey@example.org, phone (874)211-3983. IP address: 10.101.19.37. Passport FA7971568, account NUZS92926588335397, birth 1999-03-04, license D0697085, Med Rec MRID352057.
2024-11-04 07:37:04 - Kristin Vance's info: card# 3549823071374943, SSN 298-01-5751, email elizabeth09@example.org, phone 021.044.1113x990. IP address: 192.168.170.212. Passport XM9970897, account JTAH55526360049834, birth 1954-03-01, license D9064300, Med Rec MRID927923.
2024-11-04 07:37:04 - Monica Murphy's info: card# 4818734405949437, SSN 718-40-5445, email joshua67@example.org, phone 001-163-234-5877x963. IP address: 192.168.175.34. Passport AB1397491, account CVWW38658117477048, birth 1988-06-15, license D8759728, Med Rec MRID307933.
2024-11-04 07:37:04 - Cristina Johnson's info: card# 2295652967262302, SSN 383-60-7438, email barajasstephanie@example.com, phone +1-240-384-4317x187. IP address: 192.168.92.67. Passport RF4810335, account LZKH43806446410092, birth 1959-05-05, license D8082994, Med Rec MRID229707.
2024-11-04 07:37:04 - Emily Spencer's info: card# 4133224874748, SSN 198-44-3381, email stevenhartman@example.org, phone 366.435.4726x67639. IP address: 10.25.181.156. Passport AA7906992, account TIFC04504616653329, birth 1974-01-06, license D6578291, Med Rec MRID479124.
2024-11-04 07:37:04 - Mrs. Kathryn Mack's info: card# 6515701224423259, SSN 350-88-8214, email michellecampos@example.net, phone 8387526773. IP address: 172.25.170.135. Passport KC3187694, account DYEU37820728720323, birth 1984-09-09, license D0557459, Med Rec MRID551461.
2024-11-04 07:37:04 - Katherine Williamson's info: card# 376110289530183, SSN 106-85-5034, email ucruz@example.com, phone 3456501105. IP address: 192.168.26.218. Passport RG4949385, account GETO62146554653062, birth 1965-04-04, license D1238274, Med Rec MRID907782.
2024-11-04 07:37:04 - Savannah Miller's info: card# 3576858300496238, SSN 236-83-6799, email stephanieestrada@example.net, phone 190.391.1033. IP address: 10.208.95.4. Passport UZ8615915, account MDQK01044021554276, birth 1995-03-04, license D3311627, Med Rec MRID987882.
2024-11-04 07:37:04 - Michelle Arroyo's info: card# 5172359018842451, SSN 436-16-6430, email oconnoryolanda@example.net, phone 695-740-0721x0343. IP address: 10.114.69.142. Passport TX3846477, account SNGG03524308668532, birth 1963-10-18, license D1205021, Med Rec MRID811012.
2024-11-04 07:37:04 - Travis Mendez's info: card# 675913998802, SSN 826-30-2701, email armstrongjoseph@example.com, phone +1-928-965-1218x272. IP address: 10.152.15.182. Passport IV3144773, account TRNO47398616631593, birth 2003-10-01, license D0810653, Med Rec MRID356107.
2024-11-04 07:37:04 - Eric Price's info: card# 3569220120595872, SSN 857-56-3322, email xbrown@example.net, phone 679.969.4991x24289. IP address: 192.168.131.213. Passport TA2914646, account PGQJ30984165659635, birth 2004-12-02, license D0019861, Med Rec MRID653555.
2024-11-04 07:37:04 - Erik Miller's info: card# 374269639134724, SSN 817-37-2269, email brandon35@example.com, phone +1-170-427-3351x14774. IP address: 172.27.161.41. Passport IC9821126, account RSWJ82763544524314, birth 1996-11-18, license D6657118, Med Rec MRID327395.
2024-11-04 07:37:04 - Amanda Clarke's info: card# 3574945209420773, SSN 878-16-7167, email csaunders@example.com, phone +1-634-297-7156x84777. IP address: 172.25.228.64. Passport CS1111367, account OUAR22685252376215, birth 1954-09-07, license D7125014, Med Rec MRID442936.
2024-11-04 07:37:04 - Justin Adams's info: card# 6011458864417344, SSN 486-03-3908, email rodriguezmatthew@example.org, phone 011-474-2645x4669. IP address: 192.168.247.7. Passport SF6327421, account EIYJ41510319580497, birth 1972-12-05, license D1243395, Med Rec MRID200031.
2024-11-04 07:37:04 - Amber Ho's info: card# 2263856238892767, SSN 207-07-8685, email fcarroll@example.org, phone (988)129-2592x96596. IP address: 192.168.105.211. Passport CA6696837, account VVSP80555794981014, birth 2000-02-18, license D2431193, Med Rec MRID046418.
2024-11-04 07:37:04 - Amanda Doyle's info: card# 4162995133791837, SSN 880-66-7585, email stephenbrooks@example.org, phone 478-063-6792. IP address: 172.16.26.95. Passport CQ8389502, account DHWW26531632379645, birth 1954-07-24, license D4465333, Med Rec MRID626432.
2024-11-04 07:37:04 - Emily Peterson's info: card# 4437202835763829, SSN 784-24-7904, email jennifergeorge@example.com, phone (039)637-0688. IP address: 10.25.234.130. Passport LO5707229, account KVBC39016431535786, birth 1981-02-04, license D3361770, Med Rec MRID730334.
2024-11-04 07:37:04 - Carol Washington's info: card# 3562001179113651, SSN 281-08-9945, email vmills@example.net, phone 154-040-0650x79523. IP address: 192.168.84.120. Passport WD4772342, account VHEC47750235300429, birth 1946-05-10, license D7459164, Med Rec MRID565655.
2024-11-04 07:37:04 - Terry Bates's info: card# 30300452997461, SSN 252-04-2460, email glen64@example.net, phone +1-405-195-5859x38340. IP address: 192.168.106.199. Passport MK9453658, account KVNM43814157287814, birth 1958-04-27, license D2145805, Med Rec MRID802571.
2024-11-04 07:37:04 - Jasmine Hall's info: card# 501895894506, SSN 520-99-9965, email finleypaul@example.com, phone +1-742-603-3611x41526. IP address: 10.52.117.245. Passport HV2338518, account ZVIY38341397319509, birth 2001-05-21, license D4230879, Med Rec MRID859362.
